2025-02-24 22:46:01 [INFO]: Login attempt for email: mdrasedmolla29@gmail.com
2025-02-24 22:46:02 [INFO]: 2FA required for user ID: 67a0f300bc8892341392fcdf
2025-02-24 22:48:16 [INFO]: Login attempt for email: mdrasedmolla29@gmail.com
2025-02-24 22:48:17 [INFO]: 2FA required for user ID: 67a0f300bc8892341392fcdf
2025-02-24 22:49:56 [INFO]: Login attempt for email: mdrasedmolla29@gmail.com
2025-02-24 22:49:56 [INFO]: 2FA required for user ID: 67a0f300bc8892341392fcdf
2025-02-24 22:56:51 [INFO]: Login attempt for email: mdrasedmolla29@gmail.com
2025-02-24 22:56:51 [INFO]: Creating session for user ID: 67a0f300bc8892341392fcdf
2025-02-24 22:56:51 [INFO]: Signing tokens for user ID: 67a0f300bc8892341392fcdf
2025-02-24 22:56:51 [INFO]: Login successful for user ID: 67a0f300bc8892341392fcdf
2025-02-24 22:58:50 [INFO]: Login attempt for email: mdrasedmolla29@gmail.com
2025-02-24 22:59:29 [INFO]: Login attempt for email: mdrasedmolla29@gmail.com
2025-02-24 23:09:02 [INFO]: Login attempt for email: mdrasedmolla29@gmail.com
2025-02-24 23:09:03 [INFO]: 2FA required for user ID: 67a0f300bc8892341392fcdf
2025-02-24 23:17:51 [INFO]: Login attempt for email: mdrasedmolla29@gmail.com
2025-02-24 23:17:51 [INFO]: 2FA required for user ID: 67a0f300bc8892341392fcdf
2025-02-24 23:25:21 [INFO]: Login attempt for email: mdrasedmolla29@gmail.com
2025-02-24 23:25:21 [INFO]: 2FA required for user ID: 67a0f300bc8892341392fcdf
2025-02-24 23:33:54 [INFO]: Login attempt for email: mdrasedmolla29@gmail.com
2025-02-24 23:33:54 [INFO]: 2FA required for user ID: 67a0f300bc8892341392fcdf
2025-02-24 23:37:33 [INFO]: Login attempt for email: mdrasedmolla29@gmail.com
2025-02-24 23:37:33 [INFO]: 2FA required for user ID: 67a0f300bc8892341392fcdf
2025-02-24 23:39:31 [INFO]: Login attempt for email: mdrasedmolla29@gmail.com
2025-02-24 23:39:32 [INFO]: 2FA required for user ID: 67a0f300bc8892341392fcdf
2025-02-24 23:42:39 [INFO]: Login attempt for email: mdrasedmolla29@gmail.com
2025-02-24 23:42:39 [INFO]: 2FA required for user ID: 67a0f300bc8892341392fcdf
2025-02-24 23:51:39 [INFO]: Login attempt for email: mdrasedmolla29@gmail.com
2025-02-24 23:51:39 [INFO]: Creating session for user ID: 67a0f300bc8892341392fcdf
2025-02-24 23:51:40 [INFO]: Session created:
2025-02-24 23:51:40 [INFO]: 2FA required for user ID: 67a0f300bc8892341392fcdf
2025-02-24 23:56:41 [INFO]: Login attempt for email: mdrasedmolla29@gmail.com
2025-02-24 23:56:57 [INFO]: Session created successfully:
2025-02-24 23:56:57 [INFO]: 2FA required for user ID: 67a0f300bc8892341392fcdf
2025-02-24 23:57:05 [INFO]: Login attempt for email: mdrasedmolla29@gmail.com
2025-02-24 23:57:18 [INFO]: Session created successfully:
2025-02-24 23:57:18 [INFO]: 2FA required for user ID: 67a0f300bc8892341392fcdf
2025-02-24 23:58:06 [INFO]: Login attempt for email: mdrasedmolla29@gmail.com
2025-02-24 23:58:08 [INFO]: Login attempt for email: mdrasedmolla29@gmail.com
2025-02-24 23:58:09 [INFO]: Session created successfully:
2025-02-24 23:58:09 [INFO]: 2FA required for user ID: 67a0f300bc8892341392fcdf
